<?xml version="1.0" encoding="UTF-8"?>
<testsuite name="AutoiQ Automation Suite"
           tests="1"
           failures="1"
           errors="0"
           skipped="0"
           time="0.000">
  <properties />
            <testcase name="Quit" time="0.000" classname="com.autoiq.tests.processes.TestCreateProcessesNew">
                <failure type="com.autoiq.common.utility.HandleException"
                  message="Failed while closing/quiting the browser"
              >
<![CDATA[com.autoiq.common.utility.HandleException: Failed while closing/quiting the browser
  com.autoiq.common.utility.CommonWebFunctions.cleanUp(CommonWebFunctions.java:168)
  com.autoiq.tests.processes.TestCreateProcessesNew.Quit(TestCreateProcessesNew.java:450)
  sun.reflect.NativeMethodAccessorImpl.invoke0(Native Method)
  sun.reflect.NativeMethodAccessorImpl.invoke(NativeMethodAccessorImpl.java:62)
  sun.reflect.DelegatingMethodAccessorImpl.invoke(DelegatingMethodAccessorImpl.java:43)
  java.lang.reflect.Method.invoke(Method.java:498)
  org.testng.internal.MethodInvocationHelper.invokeMethod(MethodInvocationHelper.java:85)
  org.testng.internal.Invoker.invokeConfigurationMethod(Invoker.java:552)
  org.testng.internal.Invoker.invokeConfigurations(Invoker.java:215)
  org.testng.internal.Invoker.invokeConfigurations(Invoker.java:140)
  org.testng.TestRunner.afterRun(TestRunner.java:1015)
  org.testng.TestRunner.run(TestRunner.java:621)
  org.testng.SuiteRunner.runTest(SuiteRunner.java:348)
  org.testng.SuiteRunner.runSequentially(SuiteRunner.java:343)
  org.testng.SuiteRunner.privateRun(SuiteRunner.java:305)
  org.testng.SuiteRunner.run(SuiteRunner.java:254)
  org.testng.SuiteRunnerWorker.runSuite(SuiteRunnerWorker.java:52)
  org.testng.SuiteRunnerWorker.run(SuiteRunnerWorker.java:86)
  org.testng.TestNG.runSuitesSequentially(TestNG.java:1224)
  org.testng.TestNG.runSuitesLocally(TestNG.java:1149)
  org.testng.TestNG.run(TestNG.java:1057)
  org.testng.remote.AbstractRemoteTestNG.run(AbstractRemoteTestNG.java:132)
  org.testng.remote.RemoteTestNG.initAndRun(RemoteTestNG.java:230)
  org.testng.remote.RemoteTestNG.main(RemoteTestNG.java:76)
]]>
      </failure>

          </testcase>
  
  
  
</testsuite>
